<?xml version="1.0" encoding="UTF-8"?>
<testng-results skipped="0" failed="0" ignored="0" total="1" passed="1">
  <reporter-output>
  </reporter-output>
  <suite name="Parallel test runs" duration-ms="10092" started-at="2018-12-29T19:54:00Z" finished-at="2018-12-29T19:54:10Z">
    <groups>
    </groups>
    <test name="Chrome Test" duration-ms="10092" started-at="2018-12-29T19:54:00Z" finished-at="2018-12-29T19:54:10Z">
      <class name="sqa.sqa.LoginTest">
        <test-method status="PASS" signature="setUp(java.lang.String)[pri:0, instance:sqa.sqa.LoginTest@3ffc5af1]" name="setUp" is-config="true" duration-ms="5318" started-at="2018-12-29T19:54:00Z" finished-at="2018-12-29T19:54:05Z">
          <params>
            <param index="0">
              <value>
                <![CDATA[chrome]]>
              </value>
            </param>
          </params>
          <reporter-output>
          </reporter-output>
        </test-method> <!-- setUp -->
        <test-method status="PASS" signature="login()[pri:0, instance:sqa.sqa.LoginTest@3ffc5af1]" name="login" duration-ms="3645" started-at="2018-12-29T19:54:05Z" finished-at="2018-12-29T19:54:09Z">
          <reporter-output>
          </reporter-output>
        </test-method> <!-- login -->
        <test-method status="PASS" signature="tearDown()[pri:0, instance:sqa.sqa.LoginTest@3ffc5af1]" name="tearDown" is-config="true" duration-ms="1086" started-at="2018-12-29T19:54:09Z" finished-at="2018-12-29T19:54:10Z">
          <reporter-output>
          </reporter-output>
        </test-method> <!-- tearDown -->
      </class> <!-- sqa.sqa.LoginTest -->
    </test> <!-- Chrome Test -->
  </suite> <!-- Parallel test runs -->
</testng-results>
